<?xml version="1.0" encoding="UTF-8"?>
<!-- Generated by org.testng.reporters.JUnitReportReporter -->
<testsuite hostname="HDSOFT" failures="0" tests="3" name="societyApp.tests.AdminAllMembersView" time="31.037" errors="0" timestamp="2025-03-17T09:24:37 IST" skipped="0">
  <testcase classname="societyApp.tests.AdminAllMembersView" name="login" time="5.090"/>
  <testcase classname="societyApp.tests.AdminAllMembersView" name="viewAllMembers" time="22.797"/>
  <testcase classname="societyApp.tests.AdminAllMembersView" name="editMemberRole" time="3.150"/>
</testsuite> <!-- societyApp.tests.AdminAllMembersView -->
