<?xml version="1.0" encoding="UTF-8"?>
<!-- Generated by org.testng.reporters.JUnitReportReporter -->
<testsuite hostname="HDSOFT" failures="0" tests="6" name="societyApp.tests.AdminActions" time="535.379" errors="0" timestamp="2025-04-13T23:43:04 IST" skipped="0">
  <testcase classname="societyApp.tests.AdminActions" name="executeAdminProfileActions" time="66.780"/>
  <testcase classname="societyApp.tests.AdminActions" name="executeAdminMemberActions" time="38.966"/>
  <testcase classname="societyApp.tests.AdminActions" name="executeAdminNewMembers" time="122.367"/>
  <testcase classname="societyApp.tests.AdminActions" name="executeAdminEventActions" time="91.069"/>
  <testcase classname="societyApp.tests.AdminActions" name="executeAdminChargesActions" time="179.923"/>
  <testcase classname="societyApp.tests.AdminActions" name="executeAdminChatActions" time="36.274"/>
</testsuite> <!-- societyApp.tests.AdminActions -->
