<?xml version="1.0" encoding="UTF-8"?>
<!-- Generated by org.testng.reporters.JUnitReportReporter -->
<testsuite hostname="HDSOFT" failures="0" tests="4" name="societyApp.tests.UserEvents" time="12.076" errors="0" timestamp="2025-03-17T17:15:25 IST" skipped="0">
  <testcase classname="societyApp.tests.UserEvents" name="navigateToEvents" time="3.787"/>
  <testcase classname="societyApp.tests.UserEvents" name="countEventCards" time="0.042"/>
  <testcase classname="societyApp.tests.UserEvents" name="viewEventDetails" time="4.532"/>
  <testcase classname="societyApp.tests.UserEvents" name="findAndClickRegisterText" time="3.715"/>
</testsuite> <!-- societyApp.tests.UserEvents -->
