<?xml version="1.0" encoding="UTF-8"?>
<!-- Generated by org.testng.reporters.JUnitReportReporter -->
<testsuite hostname="HDSOFT" failures="0" tests="2" name="societyApp.tests.UpdateAllSubscriptions" time="16.245" errors="0" timestamp="2025-03-07T10:15:46 IST" skipped="0">
  <testcase classname="societyApp.tests.UpdateAllSubscriptions" name="findSubscriptions" time="0.085"/>
  <testcase classname="societyApp.tests.UpdateAllSubscriptions" name="updateSubscriptions" time="16.160"/>
</testsuite> <!-- societyApp.tests.UpdateAllSubscriptions -->
