<?xml version="1.0" encoding="UTF-8"?>
<!-- Generated by org.testng.reporters.JUnitReportReporter -->
<testsuite hostname="HDSOFT" failures="0" tests="1" name="societyApp.tests.SaveDraftSubscriptions" time="52.853" errors="0" timestamp="2025-03-06T12:07:01 IST" skipped="0">
  <testcase classname="societyApp.tests.SaveDraftSubscriptions" name="createDraftSubscriptions" time="52.853"/>
</testsuite> <!-- societyApp.tests.SaveDraftSubscriptions -->
