<?xml version="1.0" encoding="UTF-8"?>
<!-- Generated by org.testng.reporters.JUnitReportReporter -->
<testsuite hostname="HDSOFT" failures="0" tests="9" name="societyApp.tests.LandingCards" time="91.841" errors="0" timestamp="2025-03-18T13:24:43 IST" skipped="0">
  <testcase classname="societyApp.tests.LandingCards" name="testCreateLandingCards" time="16.828"/>
  <testcase classname="societyApp.tests.LandingCards" name="testVerifyLandingCardsTableNotEmpty" time="0.072"/>
  <testcase classname="societyApp.tests.LandingCards" name="testDeleteRandomLandingCards" time="9.109"/>
  <testcase classname="societyApp.tests.LandingCards" name="testViewLandingCard" time="3.632"/>
  <testcase classname="societyApp.tests.LandingCards" name="testEditLandingCard" time="4.628"/>
  <testcase classname="societyApp.tests.LandingCards" name="switchToLandingSlider" time="0.154"/>
  <testcase classname="societyApp.tests.LandingCards" name="createLandingSliders" time="16.157"/>
  <testcase classname="societyApp.tests.LandingCards" name="testPagination" time="27.363"/>
  <testcase classname="societyApp.tests.LandingCards" name="verifyTableRowsPresence" time="13.898"/>
</testsuite> <!-- societyApp.tests.LandingCards -->
