<?xml version="1.0" encoding="UTF-8"?>
<!-- Generated by org.testng.reporters.JUnitReportReporter -->
<testsuite hostname="HDSOFT" failures="0" tests="8" name="societyApp.tests.AdminProfile" time="1.834" errors="0" timestamp="2025-03-18T09:41:39 IST" skipped="0">
  <testcase classname="societyApp.tests.AdminProfile" name="clickOnProfileButton" time="1.653"/>
  <testcase classname="societyApp.tests.AdminProfile" name="clickOnUpdateButton" time="0.098"/>
  <testcase classname="societyApp.tests.AdminProfile" name="editProfileDetails" time="0.009"/>
  <testcase classname="societyApp.tests.AdminProfile" name="changePasswordWindowTest" time="0.016"/>
  <testcase classname="societyApp.tests.AdminProfile" name="changePasswordFlow" time="0.016"/>
  <testcase classname="societyApp.tests.AdminProfile" name="changePhoneNumberFlow" time="0.010"/>
  <testcase classname="societyApp.tests.AdminProfile" name="openSocietyProfile" time="0.016"/>
  <testcase classname="societyApp.tests.AdminProfile" name="verifyButtonsClickable" time="0.016"/>
</testsuite> <!-- societyApp.tests.AdminProfile -->
