<?xml version="1.0" encoding="UTF-8"?>
<!-- Generated by org.testng.reporters.JUnitReportReporter -->
<testsuite hostname="HDSOFT" failures="0" tests="3" name="societyApp.tests.AdminChat" time="10.032" errors="0" timestamp="2025-03-19T10:04:30 IST" skipped="0">
  <testcase classname="societyApp.tests.AdminChat" name="navigateToChat" time="3.241"/>
  <testcase classname="societyApp.tests.AdminChat" name="sendMessageInChat" time="2.527"/>
  <testcase classname="societyApp.tests.AdminChat" name="uploadFile" time="4.264"/>
</testsuite> <!-- societyApp.tests.AdminChat -->
