<?xml version="1.0" encoding="UTF-8"?>
<!-- Generated by org.testng.reporters.JUnitReportReporter -->
<testsuite hostname="HDSOFT" failures="0" tests="3" name="societyApp.tests.UserMembers" time="11.034" errors="0" timestamp="2025-03-17T17:08:09 IST" skipped="0">
  <testcase classname="societyApp.tests.UserMembers" name="navigateToMembers" time="3.035"/>
  <testcase classname="societyApp.tests.UserMembers" name="sortMembersList" time="7.256"/>
  <testcase classname="societyApp.tests.UserMembers" name="clickSortIcon" time="0.743"/>
</testsuite> <!-- societyApp.tests.UserMembers -->
