<?xml version="1.0" encoding="UTF-8"?>
<!-- Generated by org.testng.reporters.JUnitReportReporter -->
<testsuite hostname="HDSOFT" failures="0" tests="1" name="societyApp.tests.AdminCharges" time="141.703" errors="0" timestamp="2025-03-17T12:28:28 IST" skipped="0">
  <testcase classname="societyApp.tests.AdminCharges" name="testChargesSection" time="141.703"/>
</testsuite> <!-- societyApp.tests.AdminCharges -->
