<?xml version="1.0" encoding="UTF-8"?>
<!-- Generated by org.testng.reporters.JUnitReportReporter -->
<testsuite hostname="HDSOFT" failures="0" tests="1" name="societyApp.tests.CreateCoupons" time="38.574" errors="0" timestamp="2025-04-13T22:07:19 IST" skipped="0">
  <testcase classname="societyApp.tests.CreateCoupons" name="createCoupons" time="38.574"/>
</testsuite> <!-- societyApp.tests.CreateCoupons -->
