<?xml version="1.0" encoding="UTF-8"?>
<!-- Generated by org.testng.reporters.JUnitReportReporter -->
<testsuite hostname="HDSOFT" failures="0" tests="2" name="societyApp.tests.UserCharges" time="21.678" errors="0" timestamp="2025-03-16T15:07:33 IST" skipped="0">
  <testcase classname="societyApp.tests.UserCharges" name="navigateToMembers" time="11.133"/>
  <testcase classname="societyApp.tests.UserCharges" name="handlePaymentProcess" time="10.545"/>
</testsuite> <!-- societyApp.tests.UserCharges -->
