<?xml version="1.0" encoding="UTF-8"?>
<!-- Generated by org.testng.reporters.JUnitReportReporter -->
<testsuite hostname="HDSOFT" failures="0" tests="3" name="societyApp.tests.UserChat" time="7.800" errors="0" timestamp="2025-03-17T17:03:50 IST" skipped="0">
  <testcase classname="societyApp.tests.UserChat" name="navigateToChat" time="3.196"/>
  <testcase classname="societyApp.tests.UserChat" name="sendMessageInChat" time="2.426"/>
  <testcase classname="societyApp.tests.UserChat" name="uploadFile" time="2.178"/>
</testsuite> <!-- societyApp.tests.UserChat -->
