<?xml version="1.0" encoding="UTF-8"?>
<!-- Generated by org.testng.reporters.JUnitReportReporter -->
<testsuite hostname="HDSOFT" failures="0" tests="4" name="societyApp.tests.UserCommittee" time="21.015" errors="0" timestamp="2025-03-19T10:06:28 IST" skipped="0">
  <testcase classname="societyApp.tests.UserCommittee" name="navigateToMembers" time="8.783"/>
  <testcase classname="societyApp.tests.UserCommittee" name="searchAndClear" time="2.049"/>
  <testcase classname="societyApp.tests.UserCommittee" name="sortMembersList" time="0.004"/>
  <testcase classname="societyApp.tests.UserCommittee" name="clickAllListItems" time="10.179"/>
</testsuite> <!-- societyApp.tests.UserCommittee -->
