<?xml version="1.0" encoding="UTF-8"?>
<!-- Generated by org.testng.reporters.JUnitReportReporter -->
<testsuite hostname="HDSOFT" failures="0" tests="6" name="societyApp.tests.UserProfile" time="38.478" errors="0" timestamp="2025-04-13T23:59:15 IST" skipped="0">
  <testcase classname="societyApp.tests.UserProfile" name="clickOnProfileButton" time="3.172"/>
  <testcase classname="societyApp.tests.UserProfile" name="clickOnUpdateButton" time="1.516"/>
  <testcase classname="societyApp.tests.UserProfile" name="editProfileDetails" time="22.286"/>
  <testcase classname="societyApp.tests.UserProfile" name="changePasswordWindowTest" time="2.964"/>
  <testcase classname="societyApp.tests.UserProfile" name="changePasswordFlow" time="5.550"/>
  <testcase classname="societyApp.tests.UserProfile" name="changePhoneNumberFlow" time="2.990"/>
</testsuite> <!-- societyApp.tests.UserProfile -->
