<?xml version="1.0" encoding="UTF-8"?>
<!-- Generated by org.testng.reporters.JUnitReportReporter -->
<testsuite hostname="HDSOFT" failures="0" tests="5" name="societyApp.tests.AdminEvents" time="47.744" errors="0" timestamp="2025-03-19T10:25:53 IST" skipped="0">
  <testcase classname="societyApp.tests.AdminEvents" name="navigateToEventsSection" time="2.590"/>
  <testcase classname="societyApp.tests.AdminEvents" name="createEvent" time="23.804"/>
  <testcase classname="societyApp.tests.AdminEvents" name="viewFirstTwoEventDetails" time="12.315"/>
  <testcase classname="societyApp.tests.AdminEvents" name="navigateToOtherSections" time="2.597"/>
  <testcase classname="societyApp.tests.AdminEvents" name="editFirstEventCard" time="6.438"/>
</testsuite> <!-- societyApp.tests.AdminEvents -->
