<?xml version="1.0" encoding="UTF-8"?>
<!-- Generated by org.testng.reporters.JUnitReportReporter -->
<testsuite hostname="HDSOFT" failures="0" tests="11" name="societyApp.tests.SUPERADMINACTIONS" time="313.687" errors="0" timestamp="2025-04-13T21:55:05 IST" skipped="0">
  <testcase classname="societyApp.tests.SUPERADMINACTIONS" name="executeStartTest" time="48.685"/>
  <testcase classname="societyApp.tests.SUPERADMINACTIONS" name="updateAllSubscriptionsTest" time="19.243"/>
  <testcase classname="societyApp.tests.SUPERADMINACTIONS" name="saveDraftSubscriptionsTest" time="43.418"/>
  <testcase classname="societyApp.tests.SUPERADMINACTIONS" name="createCouponsTest" time="11.187"/>
  <testcase classname="societyApp.tests.SUPERADMINACTIONS" name="editDraftCouponsTest" time="23.986"/>
  <testcase classname="societyApp.tests.SUPERADMINACTIONS" name="deleteAllDraftsTest" time="17.388"/>
  <testcase classname="societyApp.tests.SUPERADMINACTIONS" name="deleteAllCouponsTest" time="17.466"/>
  <testcase classname="societyApp.tests.SUPERADMINACTIONS" name="deleteAllSubscriptionsTest" time="16.554"/>
  <testcase classname="societyApp.tests.SUPERADMINACTIONS" name="changeBankDetailsTest" time="14.820"/>
  <testcase classname="societyApp.tests.SUPERADMINACTIONS" name="executeAllLandingCardTests" time="100.939"/>
  <testcase classname="societyApp.tests.SUPERADMINACTIONS" name="superAdminActionsCompleted" time="0.001"/>
</testsuite> <!-- societyApp.tests.SUPERADMINACTIONS -->
